This is pdfTeX, Version 3.1415926-1.40.10 (TeX Live 2009/Debian) (format=pdflatex 2012.9.10)  13 FEB 2013 10:20
entering extended mode
 %&-line parsing enabled.
**paper.tex
(./paper.tex
LaTeX2e <2009/09/24>
Babel <v3.8l> and hyphenation patterns for english, usenglishmax, dumylang, noh
yphenation, loaded.
(/usr/share/texmf-texlive/tex/latex/base/article.cls
Document Class: article 2007/10/19 v1.4h Standard LaTeX document class
(/usr/share/texmf-texlive/tex/latex/base/size11.clo
File: size11.clo 2007/10/19 v1.4h Standard LaTeX file (size option)
)
\c@part=\count79
\c@section=\count80
\c@subsection=\count81
\c@subsubsection=\count82
\c@paragraph=\count83
\c@subparagraph=\count84
\c@figure=\count85
\c@table=\count86
\abovecaptionskip=\skip41
\belowcaptionskip=\skip42
\bibindent=\dimen102
)
(/usr/share/texmf-texlive/tex/latex/amsfonts/amsfonts.sty
Package: amsfonts 2009/06/22 v3.00 Basic AMSFonts support
\@emptytoks=\toks14
\symAMSa=\mathgroup4
\symAMSb=\mathgroup5
LaTeX Font Info:    Overwriting math alphabet `\mathfrak' in version `bold'
(Font)                  U/euf/m/n --> U/euf/b/n on input line 96.
)
(/usr/share/texmf-texlive/tex/latex/amsmath/amsmath.sty
Package: amsmath 2000/07/18 v2.13 AMS math features
\@mathmargin=\skip43

For additional information on amsmath, use the `?' option.
(/usr/share/texmf-texlive/tex/latex/amsmath/amstext.sty
Package: amstext 2000/06/29 v2.01

(/usr/share/texmf-texlive/tex/latex/amsmath/amsgen.sty
File: amsgen.sty 1999/11/30 v2.0
\@emptytoks=\toks15
\ex@=\dimen103
))
(/usr/share/texmf-texlive/tex/latex/amsmath/amsbsy.sty
Package: amsbsy 1999/11/29 v1.2d
\pmbraise@=\dimen104
)
(/usr/share/texmf-texlive/tex/latex/amsmath/amsopn.sty
Package: amsopn 1999/12/14 v2.01 operator names
)
\inf@bad=\count87
LaTeX Info: Redefining \frac on input line 211.
\uproot@=\count88
\leftroot@=\count89
LaTeX Info: Redefining \overline on input line 307.
\classnum@=\count90
\DOTSCASE@=\count91
LaTeX Info: Redefining \ldots on input line 379.
LaTeX Info: Redefining \dots on input line 382.
LaTeX Info: Redefining \cdots on input line 467.
\Mathstrutbox@=\box26
\strutbox@=\box27
\big@size=\dimen105
LaTeX Font Info:    Redeclaring font encoding OML on input line 567.
LaTeX Font Info:    Redeclaring font encoding OMS on input line 568.
\macc@depth=\count92
\c@MaxMatrixCols=\count93
\dotsspace@=\muskip10
\c@parentequation=\count94
\dspbrk@lvl=\count95
\tag@help=\toks16
\row@=\count96
\column@=\count97
\maxfields@=\count98
\andhelp@=\toks17
\eqnshift@=\dimen106
\alignsep@=\dimen107
\tagshift@=\dimen108
\tagwidth@=\dimen109
\totwidth@=\dimen110
\lineht@=\dimen111
\@envbody=\toks18
\multlinegap=\skip44
\multlinetaggap=\skip45
\mathdisplay@stack=\toks19
LaTeX Info: Redefining \[ on input line 2666.
LaTeX Info: Redefining \] on input line 2667.
)
(/usr/share/texmf-texlive/tex/latex/amscls/amsthm.sty
Package: amsthm 2004/08/06 v2.20
\thm@style=\toks20
\thm@bodyfont=\toks21
\thm@headfont=\toks22
\thm@notefont=\toks23
\thm@headpunct=\toks24
\thm@preskip=\skip46
\thm@postskip=\skip47
\thm@headsep=\skip48
\dth@everypar=\toks25
)
(/usr/share/texmf-texlive/tex/latex/amsfonts/amssymb.sty
Package: amssymb 2009/06/22 v3.00
)
(/usr/share/texmf-texlive/tex/latex/jknapltx/mathrsfs.sty
Package: mathrsfs 1996/01/01 Math RSFS package v1.0 (jk)
\symrsfs=\mathgroup6
)
(/usr/share/texmf-texlive/tex/latex/natbib/natbib.sty
Package: natbib 2009/07/16 8.31 (PWD, AO)
\bibhang=\skip49
\bibsep=\skip50
LaTeX Info: Redefining \cite on input line 694.
\c@NAT@ctr=\count99
)
(/usr/share/texmf-texlive/tex/latex/ltxmisc/truncate.sty
Package: truncate 2001/08/20  ver 3.6
\@Trunc@RestHyph=\toks26
) (./acl2012.sty
Conference Style for ACL 2005 -- released Octobe 11, 2004
\titlebox=\skip51
) (/usr/share/texmf-texlive/tex/latex/psnfss/times.sty
Package: times 2005/04/12 PSNFSS-v9.2a (SPQR) 
)
(/usr/share/texmf-texlive/tex/latex/base/latexsym.sty
Package: latexsym 1998/08/17 v2.2e Standard LaTeX package (lasy symbols)
\symlasy=\mathgroup7
LaTeX Font Info:    Overwriting symbol font `lasy' in version `bold'
(Font)                  U/lasy/m/n --> U/lasy/b/n on input line 47.
)
(/usr/share/texmf-texlive/tex/latex/ltxmisc/url.sty
\Urlmuskip=\muskip11
Package: url 2006/04/12  ver 3.3  Verb mode for urls, etc.
)
(/usr/share/texmf-texlive/tex/latex/graphics/graphicx.sty
Package: graphicx 1999/02/16 v1.0f Enhanced LaTeX Graphics (DPC,SPQR)

(/usr/share/texmf-texlive/tex/latex/graphics/keyval.sty
Package: keyval 1999/03/16 v1.13 key=value parser (DPC)
\KV@toks@=\toks27
)
(/usr/share/texmf-texlive/tex/latex/graphics/graphics.sty
Package: graphics 2009/02/05 v1.0o Standard LaTeX Graphics (DPC,SPQR)

(/usr/share/texmf-texlive/tex/latex/graphics/trig.sty
Package: trig 1999/03/16 v1.09 sin cos tan (DPC)
)
(/etc/texmf/tex/latex/config/graphics.cfg
File: graphics.cfg 2009/08/28 v1.8 graphics configuration of TeX Live
)
Package graphics Info: Driver file: pdftex.def on input line 91.

(/usr/share/texmf-texlive/tex/latex/pdftex-def/pdftex.def
File: pdftex.def 2010/03/12 v0.04p Graphics/color for pdfTeX
\Gread@gobject=\count100
))
\Gin@req@height=\dimen112
\Gin@req@width=\dimen113
)
(/usr/share/texmf-texlive/tex/latex/caption/caption.sty
Package: caption 2009/10/09 v3.1k Customizing captions (AR)

(/usr/share/texmf-texlive/tex/latex/caption/caption3.sty
Package: caption3 2009/10/09 v3.1k caption3 kernel (AR)
\captionmargin=\dimen114
\captionmargin@=\dimen115
\captionwidth=\dimen116
\caption@indent=\dimen117
\caption@parindent=\dimen118
\caption@hangindent=\dimen119
Package caption Info: Unknown document class (or package),
(caption)             standard defaults will be used on input line 1068.
)

Package caption Warning: Unsupported document class (or package) detected,
(caption)                usage of the caption package is not recommended.
See the caption package documentation for explanation.

Package caption Info: \@makecaption = \long macro:#1->\@@makecaption {\small #1
}.
\c@ContinuedFloat=\count101
) (/usr/share/texmf-texlive/tex/latex/multirow/multirow.sty
\bigstrutjot=\dimen120
)
(/usr/share/texmf-texlive/tex/latex/ltxmisc/dblfloatfix.sty
Package: dblfloatfix 2003/11/18 v1.0 (MH)

(/usr/share/texmf-texlive/tex/latex/base/fixltx2e.sty
Package: fixltx2e 2006/09/13 v1.1m fixes to LaTeX
LaTeX Info: Redefining \em on input line 420.
LaTeX Info: The control sequence `\[' is already robust on input line 471.
LaTeX Info: The control sequence `\]' is already robust on input line 472.
)
\@dblbotnum=\count102
\c@dblbotnumber=\count103
)
(/usr/share/texmf-texlive/tex/latex/float/float.sty
Package: float 2001/11/08 v1.3d Float enhancements (AL)
\c@float@type=\count104
\float@exts=\toks28
\float@box=\box28
\@float@everytoks=\toks29
\@floatcapt=\box29
)
(/usr/share/texmf-texlive/tex/latex/subfigure/subfigure.sty
Package: subfigure 2002/03/15 v2.1.5 subfigure package
\subfigtopskip=\skip52
\subfigcapskip=\skip53
\subfigcaptopadj=\dimen121
\subfigbottomskip=\skip54
\subfigcapmargin=\dimen122
\subfiglabelskip=\skip55
\c@subfigure=\count105
\c@lofdepth=\count106
\c@subtable=\count107
\c@lotdepth=\count108

****************************************
* Local config file subfigure.cfg used *
****************************************
(/usr/share/texmf-texlive/tex/latex/subfigure/subfigure.cfg)
\subfig@top=\skip56
\subfig@bottom=\skip57
)
No file paper.aux.
\openout1 = `paper.aux'.

LaTeX Font Info:    Checking defaults for OML/cmm/m/it on input line 42.
LaTeX Font Info:    ... okay on input line 42.
LaTeX Font Info:    Checking defaults for T1/cmr/m/n on input line 42.
LaTeX Font Info:    ... okay on input line 42.
LaTeX Font Info:    Checking defaults for OT1/cmr/m/n on input line 42.
LaTeX Font Info:    ... okay on input line 42.
LaTeX Font Info:    Checking defaults for OMS/cmsy/m/n on input line 42.
LaTeX Font Info:    ... okay on input line 42.
LaTeX Font Info:    Checking defaults for OMX/cmex/m/n on input line 42.
LaTeX Font Info:    ... okay on input line 42.
LaTeX Font Info:    Checking defaults for U/cmr/m/n on input line 42.
LaTeX Font Info:    ... okay on input line 42.
LaTeX Font Info:    Try loading font information for OT1+ptm on input line 42.
(/usr/share/texmf-texlive/tex/latex/psnfss/ot1ptm.fd
File: ot1ptm.fd 2001/06/04 font definitions for OT1/ptm.
)
(/usr/share/texmf-texlive/tex/context/base/supp-pdf.mkii
[Loading MPS to PDF converter (version 2006.09.02).]
\scratchcounter=\count109
\scratchdimen=\dimen123
\scratchbox=\box30
\nofMPsegments=\count110
\nofMParguments=\count111
\everyMPshowfont=\toks30
\MPscratchCnt=\count112
\MPscratchDim=\dimen124
\MPnumerator=\count113
\everyMPtoPDFconversion=\toks31
)
Package caption Info: Begin \AtBeginDocument code.
Package caption Info: float package is loaded.
Package caption Info: subfigure package is loaded.
Package caption Info: End \AtBeginDocument code.

Redefining \end@dblfloat\ for use with subfigure
LaTeX Font Info:    Font shape `OT1/ptm/bx/n' in size <14.4> not available
(Font)              Font shape `OT1/ptm/b/n' tried instead on input line 43.
LaTeX Font Info:    Try loading font information for U+msa on input line 43.
(/usr/share/texmf-texlive/tex/latex/amsfonts/umsa.fd
File: umsa.fd 2009/06/22 v3.00 AMS symbols A
)
LaTeX Font Info:    Try loading font information for U+msb on input line 43.

(/usr/share/texmf-texlive/tex/latex/amsfonts/umsb.fd
File: umsb.fd 2009/06/22 v3.00 AMS symbols B
)
LaTeX Font Info:    Try loading font information for U+rsfs on input line 43.

(/usr/share/texmf-texlive/tex/latex/jknapltx/ursfs.fd
File: ursfs.fd 1998/03/24 rsfs font definition file (jk)
)
LaTeX Font Info:    Try loading font information for U+lasy on input line 43.

(/usr/share/texmf-texlive/tex/latex/base/ulasy.fd
File: ulasy.fd 1998/08/17 v2.2e LaTeX symbol font definitions
)
LaTeX Font Info:    Font shape `OT1/ptm/bx/n' in size <12> not available
(Font)              Font shape `OT1/ptm/b/n' tried instead on input line 43.
LaTeX Font Info:    Try loading font information for OT1+pcr on input line 43.

(/usr/share/texmf-texlive/tex/latex/psnfss/ot1pcr.fd
File: ot1pcr.fd 2001/06/04 font definitions for OT1/pcr.
)
LaTeX Font Info:    Font shape `OT1/ptm/bx/n' in size <10> not available
(Font)              Font shape `OT1/ptm/b/n' tried instead on input line 47.


Package natbib Warning: Citation `cite:0' on page 1 undefined on input line 47.



Underfull \hbox (badness 1776) in paragraph at lines 51--54
\OT1/ptm/m/n/10.95 source of data for nat-u-ral lan-guage pro-cess-ing
 []


Underfull \hbox (badness 10000) in paragraph at lines 51--54

 []


Underfull \hbox (badness 5231) in paragraph at lines 51--54
\OT1/ptm/m/n/10.95 We eval-u-ate the lan-guage skills of bilin-gual
 []


Underfull \hbox (badness 1939) in paragraph at lines 51--54
\OT1/ptm/m/n/10.95 abil-ity to pro-vide trans-lated data for sta-tis-ti-cal
 []


Underfull \hbox (badness 10000) in paragraph at lines 51--54

 []


Underfull \hbox (badness 4429) in paragraph at lines 51--54
\OT1/ptm/m/n/10.95 bilin-gual dic-tio-nar-ies for over 100 lan-guages,
 []


Underfull \hbox (badness 1137) in paragraph at lines 51--54
\OT1/ptm/m/n/10.95 con-tain-ing over 10,000 words each, us-ing only
 []


Underfull \hbox (badness 1565) in paragraph at lines 51--54
\OT1/ptm/m/n/10.95 trans-la-tors avail-able on Me-chan-i-cal Turk. We
 []

<figures/natlang-pie.png, id=1, 1180.1691pt x 641.0349pt>
File: figures/natlang-pie.png Graphic file (type png)

<use figures/natlang-pie.png>
Overfull \hbox (36.13501pt too wide) in paragraph at lines 58--59
 [][] 
 []


LaTeX Warning: `h' float specifier changed to `ht'.


Underfull \hbox (badness 1248) in paragraph at lines 65--68
\OT1/ptm/m/n/10.95 in-tel-li-gence'; it pro-vides a sim-ple in-ter-face for
 []


Underfull \hbox (badness 10000) in paragraph at lines 65--68

 []


Underfull \hbox (badness 10000) in paragraph at lines 65--68

 []

[1{/var/lib/texmf/fonts/map/pdftex/updmap/pdftex.map}




]
Underfull \vbox (badness 10000) has occurred while \output is active []


Underfull \hbox (badness 10000) in paragraph at lines 70--73

 []


Underfull \hbox (badness 1117) in paragraph at lines 70--73
\OT1/ptm/m/n/10.95 Typically, re-searchers rely on large amounts of
 []


Underfull \hbox (badness 1122) in paragraph at lines 70--73
\OT1/ptm/m/n/10.95 la-bels to sub-sti-tute for pro-fes-sional an-no-ta-tions,
 []


Underfull \hbox (badness 1077) in paragraph at lines 70--73
\OT1/ptm/m/n/10.95 or bounded nu-meric in-puts. As NLP re-search
 []


Underfull \hbox (badness 2057) in paragraph at lines 70--73
\OT1/ptm/m/n/10.95 ad-vances, the level of ex-per-tise re-quired from
 []


Underfull \hbox (badness 1178) in paragraph at lines 70--73
\OT1/ptm/m/n/10.95 for Ma-chine Trans-la-tion, a task which re-quires
 []


Underfull \hbox (badness 10000) in paragraph at lines 70--73

 []


Underfull \hbox (badness 2409) in paragraph at lines 70--73
\OT1/ptm/m/n/10.95 As the use of MTurk has grown, re-searchers
 []


Underfull \hbox (badness 2556) in paragraph at lines 70--73
\OT1/ptm/m/n/10.95 abil-i-ties, Munro com-piled sur-vey re-sponses of
 []


Underfull \hbox (badness 10000) in paragraph at lines 70--73

 []


Underfull \hbox (badness 10000) in paragraph at lines 70--73

 []

[2 <./figures/natlang-pie.png>]
<figures/vocabulary_hit_mturk.png, id=24, 1252.68pt x 1135.24126pt>
File: figures/vocabulary_hit_mturk.png Graphic file (type png)

<use figures/vocabulary_hit_mturk.png>

LaTeX Warning: `h' float specifier changed to `ht'.

<figures/synonyms_hit_mturk.png, id=25, 1252.68pt x 1302.8675pt>
File: figures/synonyms_hit_mturk.png Graphic file (type png)

<use figures/synonyms_hit_mturk.png>

LaTeX Warning: `h' float specifier changed to `ht'.


LaTeX Warning: `h' float specifier changed to `ht'.

LaTeX Font Info:    Font shape `OT1/ptm/bx/n' in size <10.95> not available
(Font)              Font shape `OT1/ptm/b/n' tried instead on input line 112.

LaTeX Warning: Reference `tranhit' on page 3 undefined on input line 112.


LaTeX Warning: Reference `synhit' on page 3 undefined on input line 112.


Underfull \hbox (badness 1253) in paragraph at lines 110--115
\OT1/ptm/m/n/10.95 Turk to cre-ate low cost, high qual-ity bilin-gual
 []


Underfull \hbox (badness 10000) in paragraph at lines 110--115

 []


Underfull \hbox (badness 6078) in paragraph at lines 110--115
\OT1/ptm/m/n/10.95 We chose the lan-guages which were highly
 []


Underfull \hbox (badness 1394) in paragraph at lines 110--115
\OT1/ptm/m/n/10.95 guages for which there ex-isted at least 10,000
 []


Underfull \hbox (badness 1264) in paragraph at lines 110--115
\OT1/ptm/m/n/10.95 ap-prox-i-mately 1,000 avail-able ar-ti-cles, giv-ing a
 []


Underfull \hbox (badness 10000) in paragraph at lines 110--115

 []


Underfull \hbox (badness 3623) in paragraph at lines 110--115
\OT1/ptm/m/n/10.95 The dic-tio-nary cre-ation task was bro-ken into
 []


Underfull \hbox (badness 10000) in paragraph at lines 110--115

 []


Underfull \hbox (badness 1127) in paragraph at lines 110--115
\OT1/ptm/m/n/10.95 For the eval-u-a-tion task, Turk-ers were shown a
 []


Underfull \hbox (badness 1052) in paragraph at lines 110--115
\OT1/ptm/m/n/10.95 of one of the em-bed-ded qual-ity con-trol words,
 []


Underfull \hbox (badness 1024) in paragraph at lines 110--115
\OT1/ptm/m/n/10.95 the eval-u-a-tion pro-cess fur-ther in the Mea-sur-ing
 []


Underfull \hbox (badness 10000) in paragraph at lines 110--115

 []


Underfull \hbox (badness 4621) in paragraph at lines 110--115
\OT1/ptm/m/n/10.95 Quality con-trol for the eva-l-u-ta-tion HIT con-
 []


Underfull \hbox (badness 10000) in paragraph at lines 110--115

 []


Underfull \hbox (badness 10000) in paragraph at lines 110--115

 []


Underfull \vbox (badness 1521) has occurred while \output is active []

 [3 <./figures/vocabulary_hit_mturk.png>]
Underfull \vbox (badness 10000) has occurred while \output is active []



LaTeX Warning: Reference `survey-tab' on page 4 undefined on input line 117.


LaTeX Warning: Reference `numlangs-tab' on page 4 undefined on input line 117.


Underfull \hbox (badness 1675) in paragraph at lines 117--118
\OT1/ptm/m/n/10.95 At the start of each HIT, Turk-ers were asked
 []


Underfull \hbox (badness 10000) in paragraph at lines 117--118

 []


Underfull \hbox (badness 10000) in paragraph at lines 121--139

 []


LaTeX Warning: `h' float specifier changed to `ht'.

<figures/assign-turk-scatter.png, id=30, 1180.1691pt x 641.0349pt>
File: figures/assign-turk-scatter.png Graphic file (type png)

<use figures/assign-turk-scatter.png>

LaTeX Warning: `h' float specifier changed to `ht'.


LaTeX Warning: Reference `ass-scatter' on page 4 undefined on input line 152.


LaTeX Warning: Reference `lang-pie' on page 4 undefined on input line 152.


LaTeX Warning: Reference `langgeo-bar' on page 4 undefined on input line 152.

[4 <./figures/synonyms_hit_mturk.png>]
<figures/assign-langgeo-sorted.png, id=35, 1180.1691pt x 641.0349pt>
File: figures/assign-langgeo-sorted.png Graphic file (type png)

<use figures/assign-langgeo-sorted.png>

LaTeX Warning: `h' float specifier changed to `ht'.


Underfull \hbox (badness 3281) in paragraph at lines 164--166
\OT1/ptm/m/n/10.95 The pri-mary chal-lenge of us-ing crowd-sourced
 []


Underfull \hbox (badness 1112) in paragraph at lines 164--166
\OT1/ptm/m/n/10.95 lan-guage data is the widely vari-able qual-ity of
 []


Underfull \hbox (badness 10000) in paragraph at lines 164--166

 []


Underfull \hbox (badness 1584) in paragraph at lines 164--166
\OT1/ptm/m/n/10.95 In or-der to ad-dress the qual-ity of the trans-la-
 []


Underfull \hbox (badness 2735) in paragraph at lines 164--166
\OT1/ptm/m/n/10.95 tions we re-ceived on the dic-tio-nary task, we
 []


Underfull \hbox (badness 10000) in paragraph at lines 164--166

 []


Underfull \hbox (badness 10000) in paragraph at lines 164--166

 []


LaTeX Warning: `h' float specifier changed to `ht'.

<figures/quality-hitlang.png, id=36, 1180.1691pt x 641.0349pt>
File: figures/quality-hitlang.png Graphic file (type png)

<use figures/quality-hitlang.png>

LaTeX Warning: `h' float specifier changed to `ht'.


LaTeX Warning: Reference `quality-scatter' on page 5 undefined on input line 19
2.


LaTeX Warning: Reference `hitlangqual-bar' on page 5 undefined on input line 19
2.


LaTeX Warning: Reference `ass-scatter' on page 5 undefined on input line 192.


Underfull \hbox (badness 1303) in paragraph at lines 192--193
\OT1/ptm/m/n/10.95 coun-tries which pro-duced more trans-la-tions did
 []


Underfull \hbox (badness 1946) in paragraph at lines 192--193
\OT1/ptm/m/n/10.95 in-clud-ing Hindi, Tel-ugu, Malay-alam, Marathis,
 []


Underfull \hbox (badness 1087) in paragraph at lines 192--193
\OT1/ptm/m/n/10.95 shown in fig-ure []. The no-table ex-cep-tion is
 []


Underfull \hbox (badness 1810) in paragraph at lines 192--193
\OT1/ptm/m/n/10.95 trans-la-tors, mak-ing qual-ity more sus-cep-ti-ble to
 []


Underfull \hbox (badness 10000) in paragraph at lines 192--193

 []


Underfull \hbox (badness 10000) in paragraph at lines 192--193

 []

<figures/quality-natlang-sorted.png, id=37, 1180.1691pt x 641.0349pt>
File: figures/quality-natlang-sorted.png Graphic file (type png)

<use figures/quality-natlang-sorted.png>

LaTeX Warning: `h' float specifier changed to `ht'.


LaTeX Warning: Reference `natlangqual-bar' on page 5 undefined on input line 20
3.


LaTeX Warning: Reference `langgeo-bar' on page 5 undefined on input line 203.


Underfull \hbox (badness 1024) in paragraph at lines 203--204
\OT1/ptm/m/n/10.95 speak-ers pro-duce sig-nif-i-cantly bet-ter trans-la-tions
 []


Underfull \hbox (badness 10000) in paragraph at lines 203--204

 []


Underfull \hbox (badness 10000) in paragraph at lines 203--204

 []


<figures/quality-scatter-avgturkers-country-labeled.png, id=38, 1180.1691pt x 6
41.0349pt>
File: figures/quality-scatter-avgturkers-country-labeled.png Graphic file (type
 png)
 <use figures/quality-scatter-avgturkers-country-labeled.png>

LaTeX Warning: `h' float specifier changed to `ht'.


LaTeX Warning: Reference `numlangs-tab' on page 5 undefined on input line 214.


LaTeX Warning: Reference `mism-tab' on page 5 undefined on input line 214.


Underfull \hbox (badness 1789) in paragraph at lines 214--215
[]\OT1/ptm/m/n/10.95 Self-reported coun-try in-for-ma-tion is typ-i-cally
 []


Underfull \hbox (badness 3250) in paragraph at lines 214--215
\OT1/ptm/m/n/10.95 their na-tive lan-guage re-ported a sin-gle na-tive
 []


Underfull \hbox (badness 2538) in paragraph at lines 214--215
\OT1/ptm/m/n/10.95 with au-to-mat-i-cally re-ported lo-ca-tions, al-though
 []


Underfull \hbox (badness 1297) in paragraph at lines 214--215
\OT1/ptm/m/n/10.95 as-sign-ments in which Turk-ers mis-re-ported their
 []


Underfull \hbox (badness 10000) in paragraph at lines 214--215

 []


Underfull \hbox (badness 10000) in paragraph at lines 214--215

 []

[5]
Underfull \hbox (badness 10000) in paragraph at lines 217--219

 []


Package natbib Warning: There were undefined citations.

[6

 <./figures/assign-turk-scatter.png>] [7

 <./figures/assign-langgeo-sorted.png>] [8 <./figures/quality-hitlang.png> <./f
igures/quality-natlang-sorted.png>]
[9 <./figures/quality-scatter-avgturkers-country-labeled.png>] (./paper.aux)

LaTeX Warning: There were undefined references.


LaTeX Warning: Label(s) may have changed. Rerun to get cross-references right.

 ) 
Here is how much of TeX's memory you used:
 3690 strings out of 495061
 51438 string characters out of 1182621
 119844 words of memory out of 3000000
 6790 multiletter control sequences out of 15000+50000
 24631 words of font info for 76 fonts, out of 3000000 for 9000
 28 hyphenation exceptions out of 8191
 36i,10n,38p,1193b,265s stack positions out of 5000i,500n,10000p,200000b,50000s
{/usr/share/texmf-texlive/fonts/enc/dvips/base/8r.enc}</usr/share/texmf-texli
ve/fonts/type1/public/amsfonts/cm/cmex10.pfb></usr/share/texmf-texlive/fonts/ty
pe1/public/amsfonts/cm/cmmi10.pfb></usr/share/texmf-texlive/fonts/type1/public/
amsfonts/cm/cmmi5.pfb></usr/share/texmf-texlive/fonts/type1/public/amsfonts/cm/
cmmi7.pfb></usr/share/texmf-texlive/fonts/type1/public/amsfonts/cm/cmr10.pfb></
usr/share/texmf-texlive/fonts/type1/public/amsfonts/cm/cmr5.pfb></usr/share/tex
mf-texlive/fonts/type1/public/amsfonts/cm/cmr7.pfb></usr/share/texmf-texlive/fo
nts/type1/public/amsfonts/cm/cmsy10.pfb></usr/share/texmf-texlive/fonts/type1/p
ublic/amsfonts/cm/cmsy7.pfb></usr/share/texmf-texlive/fonts/type1/public/rsfs/r
sfs10.pfb></usr/share/texmf-texlive/fonts/type1/urw/courier/ucrr8a.pfb></usr/sh
are/texmf-texlive/fonts/type1/urw/times/utmb8a.pfb></usr/share/texmf-texlive/fo
nts/type1/urw/times/utmr8a.pfb>
Output written on paper.pdf (9 pages, 972089 bytes).
PDF statistics:
 102 PDF objects out of 1000 (max. 8388607)
 0 named destinations out of 1000 (max. 500000)
 41 words of extra memory for PDF output out of 10000 (max. 10000000)

